<?xml version="1.0" encoding="UTF-8"?>
<testng-results skipped="0" failed="0" ignored="0" total="1" passed="1">
  <reporter-output>
  </reporter-output>
  <suite name="Default suite" duration-ms="56353" started-at="2016-12-13T14:16:30Z" finished-at="2016-12-13T14:17:26Z">
    <groups>
    </groups>
    <test name="Default test" duration-ms="56353" started-at="2016-12-13T14:16:30Z" finished-at="2016-12-13T14:17:26Z">
      <class name="Driver.AppTest">
        <test-method status="PASS" signature="kickStart()[pri:0, instance:Driver.AppTest@724af044]" name="kickStart" duration-ms="56316" started-at="2016-12-13T19:46:30Z" finished-at="2016-12-13T19:47:26Z">
          <reporter-output>
          </reporter-output>
        </test-method> <!-- kickStart -->
      </class> <!-- Driver.AppTest -->
    </test> <!-- Default test -->
  </suite> <!-- Default suite -->
</testng-results>
